<?xml version="1.0" encoding="UTF-8"?>
<testsuite name="fit.iuh.edu.com.CourseServiceApplicationTests" tests="1" skipped="0" failures="0" errors="0" timestamp="2025-03-16T14:59:10" hostname="DESKTOP-11SJ823" time="0.811">
  <properties/>
  <testcase name="contextLoads()" classname="fit.iuh.edu.com.CourseServiceApplicationTests" time="0.811"/>
  <system-out><![CDATA[21:59:02.844 [Test worker] INFO org.springframework.test.context.support.AnnotationConfigContextLoaderUtils -- Could not detect default configuration classes for test class [fit.iuh.edu.com.CourseServiceApplicationTests]: CourseServiceApplicationTests does not declare any static, non-private, non-final, nested classes annotated with @Configuration.
21:59:03.026 [Test worker] INFO org.springframework.boot.test.context.SpringBootTestContextBootstrapper -- Found @SpringBootConfiguration fit.iuh.edu.com.CourseServiceApplication for test class fit.iuh.edu.com.CourseServiceApplicationTests

  .   ____          _            __ _ _
 /\\ / ___'_ __ _ _(_)_ __  __ _ \ \ \ \
( ( )\___ | '_ | '_| | '_ \/ _` | \ \ \ \
 \\/  ___)| |_)| | | | | || (_| |  ) ) ) )
  '  |____| .__|_| |_|_| |_\__, | / / / /
 =========|_|==============|___/=/_/_/_/

 :: Spring Boot ::                (v3.4.2)

2025-03-16T21:59:03.653+07:00  INFO 12200 --- [course_service] [    Test worker] f.i.e.com.CourseServiceApplicationTests  : Starting CourseServiceApplicationTests using Java 17.0.12 with PID 12200 (started by AD in D:\Project\WWW\microservices\Learning-Management-System\course_service)
2025-03-16T21:59:03.656+07:00  INFO 12200 --- [course_service] [    Test worker] f.i.e.com.CourseServiceApplicationTests  : The following 1 profile is active: "dev"
2025-03-16T21:59:06.936+07:00 DEBUG 12200 --- [course_service] [    Test worker] s.amazon.awssdk.enhanced.dynamodb.beans  : fit.iuh.edu.com.models.User - Creating bean schema
2025-03-16T21:59:06.950+07:00 DEBUG 12200 --- [course_service] [    Test worker] s.amazon.awssdk.enhanced.dynamodb.beans  : fit.iuh.edu.com.models.User - Constructor: public fit.iuh.edu.com.models.User()
2025-03-16T21:59:06.987+07:00 DEBUG 12200 --- [course_service] [    Test worker] s.amazon.awssdk.enhanced.dynamodb.beans  : fit.iuh.edu.com.models.User - Adding Converter: software.amazon.awssdk.enhanced.dynamodb.DefaultAttributeConverterProvider
2025-03-16T21:59:06.987+07:00 DEBUG 12200 --- [course_service] [    Test worker] s.amazon.awssdk.enhanced.dynamodb.beans  : software.amazon.awssdk.enhanced.dynamodb.DefaultAttributeConverterProvider - Constructor: public software.amazon.awssdk.enhanced.dynamodb.DefaultAttributeConverterProvider()
2025-03-16T21:59:06.993+07:00 DEBUG 12200 --- [course_service] [    Test worker] s.amazon.awssdk.enhanced.dynamodb.beans  : fit.iuh.edu.com.models.User - Property birthday read method: public java.time.LocalDate fit.iuh.edu.com.models.User.getBirthday()
2025-03-16T21:59:06.994+07:00 DEBUG 12200 --- [course_service] [    Test worker] s.amazon.awssdk.enhanced.dynamodb.beans  : fit.iuh.edu.com.models.User - Property birthday write method: public void fit.iuh.edu.com.models.User.setBirthday(java.time.LocalDate)
2025-03-16T21:59:06.996+07:00 DEBUG 12200 --- [course_service] [    Test worker] s.amazon.awssdk.enhanced.dynamodb.beans  : fit.iuh.edu.com.converter.LocalDateConverter - Constructor: public fit.iuh.edu.com.converter.LocalDateConverter()
2025-03-16T21:59:06.997+07:00 DEBUG 12200 --- [course_service] [    Test worker] s.amazon.awssdk.enhanced.dynamodb.beans  : fit.iuh.edu.com.models.User - Ignoring bean property class because it has no write (set) method.
2025-03-16T21:59:06.997+07:00 DEBUG 12200 --- [course_service] [    Test worker] s.amazon.awssdk.enhanced.dynamodb.beans  : fit.iuh.edu.com.models.User - Property email read method: public java.lang.String fit.iuh.edu.com.models.User.getEmail()
2025-03-16T21:59:06.997+07:00 DEBUG 12200 --- [course_service] [    Test worker] s.amazon.awssdk.enhanced.dynamodb.beans  : fit.iuh.edu.com.models.User - Property email write method: public void fit.iuh.edu.com.models.User.setEmail(java.lang.String)
2025-03-16T21:59:06.997+07:00 DEBUG 12200 --- [course_service] [    Test worker] s.amazon.awssdk.enhanced.dynamodb.beans  : fit.iuh.edu.com.models.User - Property gender read method: public java.lang.String fit.iuh.edu.com.models.User.getGender()
2025-03-16T21:59:06.997+07:00 DEBUG 12200 --- [course_service] [    Test worker] s.amazon.awssdk.enhanced.dynamodb.beans  : fit.iuh.edu.com.models.User - Property gender write method: public void fit.iuh.edu.com.models.User.setGender(java.lang.String)
2025-03-16T21:59:06.999+07:00 DEBUG 12200 --- [course_service] [    Test worker] s.amazon.awssdk.enhanced.dynamodb.beans  : fit.iuh.edu.com.models.User - Property groups read method: public java.util.List fit.iuh.edu.com.models.User.getGroups()
2025-03-16T21:59:06.999+07:00 DEBUG 12200 --- [course_service] [    Test worker] s.amazon.awssdk.enhanced.dynamodb.beans  : fit.iuh.edu.com.models.User - Property groups write method: public void fit.iuh.edu.com.models.User.setGroups(java.util.List)
2025-03-16T21:59:06.999+07:00 DEBUG 12200 --- [course_service] [    Test worker] s.amazon.awssdk.enhanced.dynamodb.beans  : fit.iuh.edu.com.models.User - Property id read method: public java.lang.String fit.iuh.edu.com.models.User.getId()
2025-03-16T21:59:06.999+07:00 DEBUG 12200 --- [course_service] [    Test worker] s.amazon.awssdk.enhanced.dynamodb.beans  : fit.iuh.edu.com.models.User - Property id write method: public void fit.iuh.edu.com.models.User.setId(java.lang.String)
2025-03-16T21:59:07.003+07:00 DEBUG 12200 --- [course_service] [    Test worker] s.amazon.awssdk.enhanced.dynamodb.beans  : fit.iuh.edu.com.models.User - Property userName read method: public java.lang.String fit.iuh.edu.com.models.User.getUserName()
2025-03-16T21:59:07.003+07:00 DEBUG 12200 --- [course_service] [    Test worker] s.amazon.awssdk.enhanced.dynamodb.beans  : fit.iuh.edu.com.models.User - Property userName write method: public void fit.iuh.edu.com.models.User.setUserName(java.lang.String)
2025-03-16T21:59:07.009+07:00 DEBUG 12200 --- [course_service] [    Test worker] .a.e.d.DefaultAttributeConverterProvider : Converter for EnhancedType(java.lang.String): software.amazon.awssdk.enhanced.dynamodb.internal.converter.attribute.StringAttributeConverter
2025-03-16T21:59:07.010+07:00 DEBUG 12200 --- [course_service] [    Test worker] .a.e.d.DefaultAttributeConverterProvider : Converter for EnhancedType(java.lang.String): software.amazon.awssdk.enhanced.dynamodb.internal.converter.attribute.StringAttributeConverter
2025-03-16T21:59:07.010+07:00 DEBUG 12200 --- [course_service] [    Test worker] .a.e.d.DefaultAttributeConverterProvider : Converter for EnhancedType(java.lang.String): software.amazon.awssdk.enhanced.dynamodb.internal.converter.attribute.StringAttributeConverter
2025-03-16T21:59:07.012+07:00 DEBUG 12200 --- [course_service] [    Test worker] .a.e.d.DefaultAttributeConverterProvider : Converter for EnhancedType(java.util.List<java.lang.String>): software.amazon.awssdk.enhanced.dynamodb.internal.converter.attribute.ListAttributeConverter
2025-03-16T21:59:07.012+07:00 DEBUG 12200 --- [course_service] [    Test worker] .a.e.d.DefaultAttributeConverterProvider : Converter for EnhancedType(java.lang.String): software.amazon.awssdk.enhanced.dynamodb.internal.converter.attribute.StringAttributeConverter
2025-03-16T21:59:07.014+07:00 DEBUG 12200 --- [course_service] [    Test worker] .a.e.d.DefaultAttributeConverterProvider : Converter for EnhancedType(java.lang.String): software.amazon.awssdk.enhanced.dynamodb.internal.converter.attribute.StringAttributeConverter
2025-03-16T21:59:08.168+07:00 TRACE 12200 --- [course_service] [    Test worker] eGlobalAuthenticationAutowiredConfigurer : Eagerly initializing {securityConfig=fit.iuh.edu.com.configs.SecurityConfig$$SpringCGLIB$$0@727e61ed}
2025-03-16T21:59:08.173+07:00 DEBUG 12200 --- [course_service] [    Test worker] swordEncoderAuthenticationManagerBuilder : No authenticationProviders and no parentAuthenticationManager defined. Returning null.
2025-03-16T21:59:08.257+07:00 DEBUG 12200 --- [course_service] [    Test worker] o.s.s.a.h.RoleHierarchyImpl              : buildRolesReachableInOneStepMap() - From role ROLE_ADMIN one can reach role ROLE_TEACHER in one step.
2025-03-16T21:59:08.257+07:00 DEBUG 12200 --- [course_service] [    Test worker] o.s.s.a.h.RoleHierarchyImpl              : buildRolesReachableInOneStepMap() - From role ROLE_TEACHER one can reach role ROLE_STUDENT in one step.
2025-03-16T21:59:08.257+07:00 DEBUG 12200 --- [course_service] [    Test worker] o.s.s.a.h.RoleHierarchyImpl              : buildRolesReachableInOneOrMoreStepsMap() - From role ROLE_ADMIN one can reach [ROLE_STUDENT, ROLE_TEACHER] in one or more steps.
2025-03-16T21:59:08.257+07:00 DEBUG 12200 --- [course_service] [    Test worker] o.s.s.a.h.RoleHierarchyImpl              : buildRolesReachableInOneOrMoreStepsMap() - From role ROLE_TEACHER one can reach [ROLE_STUDENT] in one or more steps.
2025-03-16T21:59:09.175+07:00  INFO 12200 --- [course_service] [    Test worker] o.s.b.a.e.web.EndpointLinksResolver      : Exposing 14 endpoints beneath base path '/actuator'
2025-03-16T21:59:09.395+07:00 DEBUG 12200 --- [course_service] [    Test worker] o.s.s.web.DefaultSecurityFilterChain     : Will secure any request with filters: DisableEncodeUrlFilter, WebAsyncManagerIntegrationFilter, SecurityContextHolderFilter, HeaderWriterFilter, LogoutFilter, BearerTokenAuthenticationFilter, RequestCacheAwareFilter, SecurityContextHolderAwareRequestFilter, AnonymousAuthenticationFilter, SessionManagementFilter, ExceptionTranslationFilter, AuthorizationFilter
2025-03-16T21:59:10.413+07:00  INFO 12200 --- [course_service] [    Test worker] f.i.e.com.CourseServiceApplicationTests  : Started CourseServiceApplicationTests in 7.178 seconds (process running for 8.764)
]]></system-out>
  <system-err><![CDATA[]]></system-err>
</testsuite>
